Startfile from command line: para-benzyne.in


       ***********************************************************
       *                    TeraChem v1.9-2018.11-dev            *
       *                 Hg Version:                             *
       *                   Development Version                   *
       *                Compiled without textures                *
       *           Chemistry at the Speed of Graphics!           *
       ***********************************************************
       * This program may only be used in connection with        *
       * a valid license from PetaChem, LLC. Use of this program *
       * or results thereof indicates acceptance of all terms    *
       * and conditions stated in the license and that a valid   *
       * license agreement between the user and PetaChem, LLC    *
       * exists. PetaChem, LLC does not warrant the correctness  *
       * of results or their suitability for any purpose.        *
       * Please email bugs, suggestions, and comments to         *
       *                  help@petachem.com                      *
       *                                                         *
       ***********************************************************


       ***********************************************************
       *  Compiled by crduan       Thu Nov 29 14:42:14 EST 2018  *
       *  Supported architectures: sm_35 sm_50 sm_52 sm_61       *
       *  Cuda compilation tools, release 8.0, V8.0.61           *
       ***********************************************************


 Job started   Fri May  3 16:38:02 2019
 On gibraltar-36 (available memory: 14317 MB)

######################################### RUNTIME INFO ##########################################
/opt/terachem/120318-cuda8-intel16/bin/terachem para-benzyne.in 

NVRM version: NVIDIA UNIX x86_64 Kernel Module  390.77  Tue Jul 10 18:28:52 PDT 2018
GCC version:  gcc version 4.4.7 20120313 (Red Hat 4.4.7-23) (GCC) 

	linux-vdso.so.1 =>  (0x00007ffe958b6000)
	libcurl.so.4 => /usr/lib64/libcurl.so.4 (0x0000003b9a600000)
	libdftbplus.so => /opt/terachem/120318-cuda8-intel16/lib/libdftbplus.so (0x00002b2e148d9000)
	libfsockets.so => /opt/terachem/120318-cuda8-intel16/lib/libfsockets.so (0x00002b2e14df8000)
	libxmlf90.so => /opt/terachem/120318-cuda8-intel16/lib/libxmlf90.so (0x00002b2e14ffc000)
	libOpenMM.so => /opt/OpenMM-7.1.1/lib/libOpenMM.so (0x00002b2e15221000)
	libintbox.so.1 => /opt/terachem/120318-cuda8-intel16/lib/libintbox.so.1 (0x00002b2e15742000)
	libthcbox.so.1 => /opt/terachem/120318-cuda8-intel16/lib/libthcbox.so.1 (0x00002b2e309e7000)
	libgridbox.so.1 => /opt/terachem/120318-cuda8-intel16/lib/libgridbox.so.1 (0x00002b2e32109000)
	libdftbox.so.1 => /opt/terachem/120318-cuda8-intel16/lib/libdftbox.so.1 (0x00002b2e325cd000)
	libcibox.so.1 => /opt/terachem/120318-cuda8-intel16/lib/libcibox.so.1 (0x00002b2e328b3000)
	libcuda.so.1 => /usr/lib64/libcuda.so.1 (0x00002b2e32c30000)
	libcudart.so.8.0 => /opt/terachem/120318-cuda8-intel16/lib/libcudart.so.8.0 (0x00002b2e337d0000)
	libcublas.so.8.0 => /opt/terachem/120318-cuda8-intel16/lib/libcublas.so.8.0 (0x00002b2e33a37000)
	libcufft.so.8.0 => /opt/terachem/120318-cuda8-intel16/lib/libcufft.so.8.0 (0x00002b2e364cf000)
	libcusparse.so.8.0 => /opt/terachem/120318-cuda8-intel16/lib/libcusparse.so.8.0 (0x00002b2e3f31e000)
	libcrypto.so.10 => /usr/lib64/libcrypto.so.10 (0x0000003b92e00000)
	libssl.so.10 => /usr/lib64/libssl.so.10 (0x0000003b95a00000)
	libm.so.6 => /lib64/libm.so.6 (0x0000003b8ea00000)
	libcilkrts.so.5 => /opt/terachem/120318-cuda8-intel16/lib/libcilkrts.so.5 (0x00002b2e41e3b000)
	libstdc++.so.6 => /usr/lib64/libstdc++.so.6 (0x0000003b92600000)
	libgcc_s.so.1 => /lib64/libgcc_s.so.1 (0x0000003b90600000)
	libpthread.so.0 => /lib64/libpthread.so.0 (0x0000003b8de00000)
	libc.so.6 => /lib64/libc.so.6 (0x0000003b8da00000)
	/lib64/ld-linux-x86-64.so.2 (0x000055d9c5919000)
	libdl.so.2 => /lib64/libdl.so.2 (0x0000003b8d600000)
	libidn.so.11 => /lib64/libidn.so.11 (0x0000003b90200000)
	libldap-2.4.so.2 => /lib64/libldap-2.4.so.2 (0x0000003b98600000)
	librt.so.1 => /lib64/librt.so.1 (0x0000003b8e600000)
	libgssapi_krb5.so.2 => /lib64/libgssapi_krb5.so.2 (0x0000003b95600000)
	libkrb5.so.3 => /lib64/libkrb5.so.3 (0x0000003b94a00000)
	libk5crypto.so.3 => /lib64/libk5crypto.so.3 (0x0000003b94200000)
	libcom_err.so.2 => /lib64/libcom_err.so.2 (0x0000003b93200000)
	libz.so.1 => /lib64/libz.so.1 (0x0000003b8e200000)
	libssl3.so => /usr/lib64/libssl3.so (0x0000003b94600000)
	libsmime3.so => /usr/lib64/libsmime3.so (0x0000003b94e00000)
	libnss3.so => /usr/lib64/libnss3.so (0x0000003b90e00000)
	libnssutil3.so => /usr/lib64/libnssutil3.so (0x0000003b91200000)
	libplds4.so => /lib64/libplds4.so (0x0000003b91600000)
	libplc4.so => /lib64/libplc4.so (0x0000003b91a00000)
	libnspr4.so => /lib64/libnspr4.so (0x0000003b92200000)
	libssh2.so.1 => /usr/lib64/libssh2.so.1 (0x0000003b9a200000)
	libmkl_intel_lp64.so => /opt/intel/2016/compilers_and_libraries/linux/mkl/lib/intel64/libmkl_intel_lp64.so (0x00002b2e42083000)
	libmkl_intel_thread.so => /opt/intel/2016/compilers_and_libraries/linux/mkl/lib/intel64/libmkl_intel_thread.so (0x00002b2e429c1000)
	libmkl_core.so => /opt/intel/2016/compilers_and_libraries/linux/mkl/lib/intel64/libmkl_core.so (0x00002b2e43d18000)
	libiomp5.so => /opt/intel/2016/compilers_and_libraries/linux/ipp/../compiler/lib/intel64/libiomp5.so (0x00002b2e455fe000)
	libifport.so.5 => /opt/intel/2016/compilers_and_libraries/linux/ipp/../compiler/lib/intel64/libifport.so.5 (0x00002b2e4593f000)
	libifcoremt.so.5 => /opt/intel/2016/compilers_and_libraries/linux/ipp/../compiler/lib/intel64/libifcoremt.so.5 (0x00002b2e45b6e000)
	libimf.so => /opt/intel/2016/compilers_and_libraries/linux/ipp/../compiler/lib/intel64/libimf.so (0x00002b2e45f01000)
	libsvml.so => /opt/intel/2016/compilers_and_libraries/linux/ipp/../compiler/lib/intel64/libsvml.so (0x00002b2e463f9000)
	libintlc.so.5 => /opt/intel/2016/compilers_and_libraries/linux/ipp/../compiler/lib/intel64/libintlc.so.5 (0x00002b2e472b8000)
	libnvidia-fatbinaryloader.so.390.77 => /usr/lib64/libnvidia-fatbinaryloader.so.390.77 (0x00002b2e47518000)
	libresolv.so.2 => /lib64/libresolv.so.2 (0x0000003b8f600000)
	liblber-2.4.so.2 => /lib64/liblber-2.4.so.2 (0x0000003b97200000)
	libsasl2.so.2 => /usr/lib64/libsasl2.so.2 (0x0000003b96600000)
	libkrb5support.so.0 => /lib64/libkrb5support.so.0 (0x0000003b95200000)
	libkeyutils.so.1 => /lib64/libkeyutils.so.1 (0x0000003b93a00000)
	libcrypt.so.1 => /lib64/libcrypt.so.1 (0x0000003b92a00000)
	libselinux.so.1 => /lib64/libselinux.so.1 (0x0000003b8ee00000)
	libfreebl3.so => /lib64/libfreebl3.so (0x0000003b91e00000)
#################################################################################################

Cannot find license.dat file in the TeraChem installation directory /opt/terachem/120318-cuda8-intel16


TRYING THE NETWORK LICENSE...
Connecting to license server '54.208.252.40' port '8877'...
Connected!
Checking your license...

**************************************************************
  Greetings, Martinez Group! You have 1000 licenses in total
  IN USE: 26
  AVAILABLE: 974
**************************************************************

Scratch directory: ./scr
Random number seed: 1652464591

XYZ coordinates para-benzyne.xyz
Molden File Output: ./scr/para-benzyne.molden
Using basis set: lacvps_ecp
dmrgstart not found
Spin multiplicity: 1
DIIS will use up to 10 vectors.
WF convergence threshold: 3.00e-05
Using DIIS (in Converger class) to converge WF with ADIIS+DIIS as backup
ADIIS will switch to DIIS when the DIIS error drops below 1.00e-03
Maximum number of SCF iterations: 1000
Incremental fock with rebuild every 8 iterations
Will switch to conventional Fock if diffuse functions are detected
X-matrix tolerance: 1.00e-04
PRECISION: DYNAMIC
Using fractional orbital occupations
Fractional occupations determined from the Fermi-Dirac distribution
6 occupied orbitals will have integer occupation
92 occupied orbitals will have fractional occupation
kT is set to  0.016 a.u.
DFT Functional requested: pbe
Method: PBE 
  PBE exchange functional:    1.0 
  PBE correlation functional: 1.0 
Wavefunction: RESTRICTED
DFT grid type: 1
Using dynamic DFT grids.
Initial guess generated by maximum overlap

********************************************
***** SINGLE POINT ENERGY CALCULATIONS *****
********************************************

using 1 out of 1 CUDA devices
   Device 0:  GeForce GTX 1080 Ti, 11178MB, CC 6.1 -- CPU THREAD 0
-------------------------------------------------------------------
Compiled with MAGMA support.  MAGMA parameters:
    Matrices larger than 5000 square will be treated with MAGMA
       (Change by setting the MagmaMinN environment variable)
    Magma will use 1 out of 1 GPUs
       (Change by setting the MagmaNGPUs environment variable)
-------------------------------------------------------------------
 CPU Memory Available: 16117.62 MegaWords 
 GPU Memory Available: 1141.31 MegaWords 
 Maximum recommended basis set size: 12200 basis functions
 (limited by GPU memory)
-------------------------------------------------------------------
Using d-functions. Configuring GPUs accordingly.
0: CUBLAS initialized, available GPU memory: 8273MB


Basis set:       lacvps_ecp
Total atoms:     10
Total charge:    0
Total electrons: 40 (20-alpha, 20-beta)
Number electrons modeled by ECPs: 0
Total orbitals:  98
Total AO shells: 44 (26 S-shells; 12 P-shells; 6 D-shells; 0 F-shells; 0 G-shells)
Spin multiplicity: 1
Nuclear repulsion energy (QM atoms): 186.022640461689 a.u.

Setting up the DFT grid...
time to set the grid = 0.00 s
DFT grid points: 10048 (1004 points/atom)
Setting up the DFT grid...
time to set the grid = 0.01 s
DFT grid points: 28314 (2831 points/atom)

                      *** Start SCF Iterations ***

 Iter     DIIS Error       Energy change      Electrons        XC Energy           Energy        Time(s)
----------------------------------------------------------------------------------------------------------
         >>> Purifying P... IDMP = 8.44e-15 <<<
THRESPDP set to 1.00e+00
                >>> SWITCHING TO GRID 1 <<<
   1     0.5600511853    -228.9203696552    40.0005776635   -32.1446457238    -228.9203696552     0.12  
                >>> SWITCHING TO GRID 0 <<<
   2     0.5543596938      +0.3632890234    39.9993217772   -35.0393834356    -228.5570806318     0.07  
   3     0.4336011211      -1.1352634346    39.9987591978   -33.8586824614    -229.6923440663     0.07  
   4     0.1208475646      -0.7852383142    39.9981106051   -33.4984301544    -230.4775823806     0.07  
   5     0.0225644679      -0.0644837926    39.9982334522   -33.5879514044    -230.5420661731     0.06  
   6     0.0019275602      -0.0003645912    39.9982517409   -33.5823253294    -230.5424307643     0.08  
                >>> SWITCHING TO GRID 1 <<<
   7     0.0012325319      +0.0012864811    40.0001661183   -33.5788124694    -230.5411442832     0.10  
   8     0.0020964325      +0.0000321867    40.0001665722   -33.5788513827    -230.5411120965     0.10  
THRESPDP set to 1.76e-02
   9     0.0014508388      +0.0000092998    40.0001674230   -33.5788556551    -230.5411027967     0.11  
  10     0.0000583751      +0.0000186228    40.0001678992   -33.5788611067    -230.5410841739     0.10  
  11     0.0000350791      -0.0000023919    40.0001678119   -33.5788689398    -230.5410865658     0.10  
  12     0.0000027453      -0.0000005565    40.0001678606   -33.5788721367    -230.5410871224     0.10  

     *** SCF Fractional Occupations ***
kT = 1.580000e-02 a.u.

    1   1.000000        2   1.000000        3   1.000000        4   1.000000    
    5   1.000000        6   1.000000        7   1.000000        8   1.000000    
    9   1.000000       10   1.000000       11   1.000000       12   1.000000    
   13   1.000000       14   1.000000       15   0.999999       16   0.999982    
   17   0.999966       18   0.988476       19   0.986373       20   0.792271    
   21   0.232116       22   0.000729       23   0.000089       24   0.000000    
   25   0.000000       26   0.000000       27   0.000000       28   0.000000    
   29   0.000000       30   0.000000       31   0.000000       32   0.000000    
   33   0.000000       34   0.000000       35   0.000000       36   0.000000    
   37   0.000000       38   0.000000       39   0.000000       40   0.000000    
   41   0.000000       42   0.000000       43   0.000000       44   0.000000    
   45   0.000000       46   0.000000       47   0.000000       48   0.000000    
   49   0.000000       50   0.000000       51   0.000000       52   0.000000    
   53   0.000000       54   0.000000       55   0.000000       56   0.000000    
   57   0.000000       58   0.000000       59   0.000000       60   0.000000    
   61   0.000000       62   0.000000       63   0.000000       64   0.000000    
   65   0.000000       66   0.000000       67   0.000000       68   0.000000    
   69   0.000000       70   0.000000       71   0.000000       72   0.000000    
   73   0.000000       74   0.000000       75   0.000000       76   0.000000    
   77   0.000000       78   0.000000       79   0.000000       80   0.000000    
   81   0.000000       82   0.000000       83   0.000000       84   0.000000    
   85   0.000000       86   0.000000       87   0.000000       88   0.000000    
   89   0.000000       90   0.000000       91   0.000000       92   0.000000    
   93   0.000000       94   0.000000       95   0.000000       96   0.000000    
   97   0.000000       98   0.000000    

----------------------------------------------------------------------------------------------------------
FINAL ENERGY: -230.5410871224 a.u.
WARNING: Final energy is higher than the lowest energy by    0.0013436.
Fractional Occupation Entropy: 2.3904822375
Mermin Free Energy:            -230.5788567417
CENTER OF MASS: {0.000000, 0.000000, 0.000000} ANGS
DIPOLE MOMENT: {-0.000081, 0.000030, -0.000000} (|D| = 0.000086) DEBYE
Writing out molden info

Running Mulliken population analysis...

Total processing time: 1.10 sec 

 Job finished: Fri May  3 16:38:09 2019

